{"/Users/ramanathanm/Coder/RNDropdownPopover/App.js": {"path":"/Users/ramanathanm/Coder/RNDropdownPopover/App.js","statementMap":{"0":{"start":{"line":14,"column":12},"end":{"line":49,"column":1}},"1":{"start":{"line":15,"column":2},"end":{"line":48,"column":4}},"2":{"start":{"line":51,"column":15},"end":{"line":71,"column":2}}},"fnMap":{"0":{"name":"(anonymous_0)","decl":{"start":{"line":14,"column":12},"end":{"line":14,"column":13}},"loc":{"start":{"line":14,"column":18},"end":{"line":49,"column":1}},"line":14},"1":{"name":"(anonymous_1)","decl":{"start":{"line":20,"column":21},"end":{"line":20,"column":22}},"loc":{"start":{"line":20,"column":27},"end":{"line":20,"column":29}},"line":20},"2":{"name":"(anonymous_2)","decl":{"start":{"line":32,"column":21},"end":{"line":32,"column":22}},"loc":{"start":{"line":32,"column":27},"end":{"line":32,"column":29}},"line":32}},"branchMap":{},"s":{"0":1,"1":1,"2":1},"f":{"0":1,"1":0,"2":0},"b":{},"_coverageSchema":"1a1c01bbd47fc00a2c39e90264f33305004495a9","hash":"12bdc70936697b0aac99ef1c6160f8e4ad69170a"}
,"/Users/ramanathanm/Coder/RNDropdownPopover/RNDropdownPopover.js": {"path":"/Users/ramanathanm/Coder/RNDropdownPopover/RNDropdownPopover.js","statementMap":{"0":{"start":{"line":12,"column":26},"end":{"line":12,"column":28}},"1":{"start":{"line":13,"column":21},"end":{"line":13,"column":22}},"2":{"start":{"line":15,"column":30},"end":{"line":25,"column":1}},"3":{"start":{"line":27,"column":26},"end":{"line":112,"column":1}},"4":{"start":{"line":28,"column":38},"end":{"line":28,"column":53}},"5":{"start":{"line":36,"column":6},"end":{"line":36,"column":11}},"6":{"start":{"line":38,"column":50},"end":{"line":38,"column":61}},"7":{"start":{"line":40,"column":23},"end":{"line":40,"column":57}},"8":{"start":{"line":42,"column":19},"end":{"line":42,"column":56}},"9":{"start":{"line":44,"column":17},"end":{"line":50,"column":16}},"10":{"start":{"line":45,"column":4},"end":{"line":49,"column":15}},"11":{"start":{"line":52,"column":18},"end":{"line":58,"column":16}},"12":{"start":{"line":53,"column":4},"end":{"line":57,"column":15}},"13":{"start":{"line":60,"column":2},"end":{"line":66,"column":36}},"14":{"start":{"line":61,"column":4},"end":{"line":65,"column":5}},"15":{"start":{"line":62,"column":6},"end":{"line":62,"column":15}},"16":{"start":{"line":64,"column":6},"end":{"line":64,"column":16}},"17":{"start":{"line":68,"column":2},"end":{"line":111,"column":4}},"18":{"start":{"line":76,"column":8},"end":{"line":76,"column":29}},"19":{"start":{"line":83,"column":12},"end":{"line":83,"column":37}},"20":{"start":{"line":84,"column":12},"end":{"line":84,"column":32}},"21":{"start":{"line":114,"column":15},"end":{"line":165,"column":2}}},"fnMap":{"0":{"name":"(anonymous_0)","decl":{"start":{"line":27,"column":26},"end":{"line":27,"column":27}},"loc":{"start":{"line":27,"column":35},"end":{"line":112,"column":1}},"line":27},"1":{"name":"(anonymous_1)","decl":{"start":{"line":44,"column":29},"end":{"line":44,"column":30}},"loc":{"start":{"line":44,"column":35},"end":{"line":50,"column":3}},"line":44},"2":{"name":"(anonymous_2)","decl":{"start":{"line":52,"column":30},"end":{"line":52,"column":31}},"loc":{"start":{"line":52,"column":36},"end":{"line":58,"column":3}},"line":52},"3":{"name":"(anonymous_3)","decl":{"start":{"line":60,"column":12},"end":{"line":60,"column":13}},"loc":{"start":{"line":60,"column":18},"end":{"line":66,"column":3}},"line":60},"4":{"name":"(anonymous_4)","decl":{"start":{"line":75,"column":22},"end":{"line":75,"column":23}},"loc":{"start":{"line":75,"column":28},"end":{"line":77,"column":7}},"line":75},"5":{"name":"(anonymous_5)","decl":{"start":{"line":82,"column":19},"end":{"line":82,"column":20}},"loc":{"start":{"line":82,"column":25},"end":{"line":85,"column":11}},"line":82}},"branchMap":{"0":{"loc":{"start":{"line":61,"column":4},"end":{"line":65,"column":5}},"type":"if","locations":[{"start":{"line":61,"column":4},"end":{"line":65,"column":5}},{"start":{"line":63,"column":11},"end":{"line":65,"column":5}}],"line":61},"1":{"loc":{"start":{"line":91,"column":17},"end":{"line":91,"column":43}},"type":"cond-expr","locations":[{"start":{"line":91,"column":30},"end":{"line":91,"column":36}},{"start":{"line":91,"column":39},"end":{"line":91,"column":43}}],"line":91}},"s":{"0":2,"1":2,"2":2,"3":2,"4":1,"5":1,"6":1,"7":1,"8":1,"9":1,"10":0,"11":1,"12":1,"13":1,"14":1,"15":0,"16":1,"17":1,"18":0,"19":0,"20":0,"21":2},"f":{"0":1,"1":0,"2":1,"3":1,"4":0,"5":0},"b":{"0":[0,1],"1":[0,1]},"_coverageSchema":"1a1c01bbd47fc00a2c39e90264f33305004495a9","hash":"f2c6e5c0699d6ca2a28ff0a42c3d417c1adf2441"}
}
