TN:
SF:App.js
FN:14,(anonymous_0)
FN:20,(anonymous_1)
FN:32,(anonymous_2)
FNF:3
FNH:1
FNDA:1,(anonymous_0)
FNDA:0,(anonymous_1)
FNDA:0,(anonymous_2)
DA:14,1
DA:15,1
DA:51,1
LF:3
LH:3
BRF:0
BRH:0
end_of_record
TN:
SF:RNDropdownPopover.js
FN:27,(anonymous_0)
FN:44,(anonymous_1)
FN:52,(anonymous_2)
FN:60,(anonymous_3)
FN:75,(anonymous_4)
FN:82,(anonymous_5)
FNF:6
FNH:3
FNDA:1,(anonymous_0)
FNDA:0,(anonymous_1)
FNDA:1,(anonymous_2)
FNDA:1,(anonymous_3)
FNDA:0,(anonymous_4)
FNDA:0,(anonymous_5)
DA:12,2
DA:13,2
DA:15,2
DA:27,2
DA:28,1
DA:36,1
DA:38,1
DA:40,1
DA:42,1
DA:44,1
DA:45,0
DA:52,1
DA:53,1
DA:60,1
DA:61,1
DA:62,0
DA:64,1
DA:68,1
DA:76,0
DA:83,0
DA:84,0
DA:114,2
LF:22
LH:17
BRDA:61,0,0,0
BRDA:61,0,1,1
BRDA:91,1,0,0
BRDA:91,1,1,1
BRF:4
BRH:2
end_of_record
